2025-07-29 15:50:16,381 - __main__ - INFO - Daywork123Scraper initialized.
2025-07-29 15:50:16,383 - __main__ - INFO - Starting scrape for up to 3 pages.
2025-07-29 15:50:19,517 - __main__ - INFO - Scraping page 1...
2025-07-29 15:50:21,956 - __main__ - WARNING - Could not find job table on the page.
2025-07-29 15:50:21,956 - __main__ - WARNING - No jobs found on page 1. Stopping pagination.
2025-07-29 15:50:22,038 - __main__ - INFO - Browser closed. Scraping finished.
2025-07-29 15:50:22,054 - __main__ - INFO - Saving 0 jobs to daywork123.20250729_155016.md.
2025-07-29 15:52:40,606 - __main__ - INFO - Daywork123Scraper initialized.
2025-07-29 15:52:40,606 - __main__ - INFO - Starting scrape for up to 3 pages.
2025-07-29 15:52:41,862 - __main__ - INFO - Scraping page 1...
2025-07-29 15:52:44,042 - __main__ - WARNING - Could not find job table on the page.
2025-07-29 15:52:44,042 - __main__ - WARNING - No jobs found on page 1. Stopping pagination.
2025-07-29 15:52:44,105 - __main__ - INFO - Browser closed. Scraping finished.
2025-07-29 15:52:44,131 - __main__ - INFO - Printing 0 jobs to the console.
2025-07-29 15:54:39,596 - __main__ - INFO - Daywork123Scraper initialized.
2025-07-29 15:54:39,596 - __main__ - INFO - Starting scrape for up to 3 pages.
2025-07-29 15:54:40,606 - __main__ - INFO - Scraping page 1...
2025-07-29 15:54:57,433 - __main__ - ERROR - Timeout occurred waiting for job table or pagination link on page 1.
2025-07-29 15:54:57,434 - __main__ - ERROR - Failed to load page 1 or find job table. Stopping.
2025-07-29 15:54:57,559 - __main__ - INFO - Browser closed. Scraping finished.
2025-07-29 15:54:57,590 - __main__ - INFO - Printing 0 jobs to the console.
2025-07-29 15:58:05,658 - __main__ - INFO - Daywork123Scraper initialized.
2025-07-29 15:58:05,658 - __main__ - INFO - Starting scrape for up to 1 pages.
2025-07-29 15:58:07,055 - __main__ - INFO - Scraping page 1...
2025-07-29 15:58:23,614 - __main__ - ERROR - Timeout occurred waiting for job table or pagination link on page 1.
2025-07-29 15:58:23,614 - __main__ - ERROR - Failed to load page 1 or find job table. Stopping.
2025-07-29 15:58:23,784 - __main__ - INFO - Browser closed. Scraping finished.
2025-07-29 15:58:23,815 - __main__ - INFO - Printing 0 jobs to the console.
2025-07-29 16:02:33,663 - __main__ - INFO - Daywork123Scraper initialized.
2025-07-29 16:02:33,663 - __main__ - INFO - Starting scrape for up to 1 pages.
2025-07-29 16:02:34,819 - __main__ - INFO - Scraping page 1...
2025-07-29 16:02:37,428 - __main__ - INFO - Found 882 jobs on page 1. Total jobs: 882.
2025-07-29 16:02:40,069 - __main__ - INFO - Browser closed. Scraping finished.
2025-07-29 16:02:40,134 - __main__ - INFO - Printing 882 jobs to the console.
2025-07-29 16:02:41,215 - __main__ - INFO - Finished printing jobs.
2025-07-29 16:04:30,034 - __main__ - INFO - Daywork123Scraper initialized.
2025-07-29 16:04:30,034 - __main__ - INFO - Starting scrape for up to 1 pages.
2025-07-29 16:04:31,011 - __main__ - INFO - Scraping page 1...
2025-07-29 16:04:33,612 - __main__ - INFO - Found 882 jobs on page 1. Total jobs: 882.
2025-07-29 16:04:36,397 - __main__ - INFO - Browser closed. Scraping finished.
2025-07-29 16:04:36,424 - __main__ - INFO - Printing 882 jobs to the console.
2025-07-29 16:04:37,130 - __main__ - INFO - Finished printing jobs.
2025-07-29 16:04:37,130 - __main__ - INFO - Saving 882 jobs to daywork123.20250729_160430.md.
2025-07-29 16:04:37,151 - __main__ - INFO - Successfully saved jobs to Markdown file.
2025-07-29 16:05:40,256 - __main__ - INFO - Daywork123Scraper initialized.
2025-07-29 16:05:40,256 - __main__ - INFO - Starting scrape for up to 1 pages.
2025-07-29 16:05:41,264 - __main__ - INFO - Scraping page 1...
2025-07-29 16:05:43,757 - __main__ - INFO - Found 882 jobs on page 1. Total jobs: 882.
2025-07-29 16:05:46,421 - __main__ - INFO - Browser closed. Scraping finished.
2025-07-29 16:05:46,440 - __main__ - INFO - Printing 882 jobs to the console.
2025-07-29 16:05:47,135 - __main__ - INFO - Finished printing jobs.
2025-07-29 16:05:47,136 - __main__ - INFO - Saving 882 jobs to daywork123.20250729_160540.md.
2025-07-29 16:05:47,153 - __main__ - INFO - Successfully saved jobs to Markdown file.
2025-07-29 16:21:33,354 - __main__ - INFO - Daywork123Scraper initialized.
2025-07-29 16:21:33,354 - __main__ - INFO - Starting scrape for up to 1 pages.
2025-07-29 16:21:34,359 - __main__ - INFO - Scraping page 1...
2025-07-29 16:21:37,004 - __main__ - INFO - Found 883 jobs on page 1. Total jobs: 883.
2025-07-29 16:21:39,607 - __main__ - INFO - Browser closed. Scraping finished.
2025-07-29 16:21:39,639 - __main__ - INFO - Printing 883 jobs to the console.
2025-07-29 16:21:40,535 - __main__ - INFO - Finished printing jobs.
2025-07-29 16:21:40,535 - __main__ - INFO - Saving 883 jobs to daywork123.20250729_162133.md.
2025-07-29 16:21:40,544 - __main__ - INFO - Successfully saved jobs to Markdown file.
2025-07-29 16:24:58,621 - __main__ - INFO - Daywork123Scraper initialized.
2025-07-29 16:24:58,621 - __main__ - INFO - Starting scrape for up to 1 pages.
2025-07-29 16:24:59,670 - __main__ - INFO - Scraping page 1...
2025-07-29 16:25:02,274 - __main__ - INFO - Found 883 jobs on page 1. Total jobs: 883.
2025-07-29 16:25:04,826 - __main__ - INFO - Browser closed. Scraping finished.
2025-07-29 16:25:04,841 - __main__ - INFO - Printing 883 jobs to the console.
2025-07-29 16:25:05,706 - __main__ - INFO - Finished printing jobs.
2025-07-29 16:25:05,706 - __main__ - INFO - Saving 883 jobs to daywork123.20250729_162458.md.
2025-07-29 16:25:05,716 - __main__ - INFO - Successfully saved jobs to Markdown file.
2025-07-29 22:25:08,450 - __main__ - INFO - YotspotScraper initialized.
2025-07-29 22:25:08,450 - __main__ - INFO - Starting scrape for jobs posted in the last 3 days.
2025-07-29 22:25:08,451 - __main__ - INFO - Scraping job listings from page 1: https://www.yotspot.com/job-search.html?p=1
2025-07-29 22:25:10,029 - __main__ - WARNING - No job cards found on page 1. Stopping pagination.
2025-07-29 22:25:10,030 - __main__ - INFO - Scraping finished. Found 0 total jobs.
2025-07-29 22:25:10,030 - __main__ - INFO - Printing 0 jobs to the console.
2025-07-29 22:25:10,031 - __main__ - INFO - Saving 0 jobs to yotspot.20250729_222508.md.
2025-07-29 22:27:07,888 - __main__ - INFO - YotspotScraper initialized with updated selectors.
2025-07-29 22:27:07,888 - __main__ - INFO - Starting scrape for jobs posted in the last 3 days.
2025-07-29 22:27:07,889 - __main__ - INFO - Scraping job listings from page 1: https://www.yotspot.com/job-search.html?p=1
2025-07-29 22:27:09,376 - __main__ - WARNING - No job cards found on page 1 with selector 'article.job-card'. Stopping pagination.
2025-07-29 22:27:09,378 - __main__ - INFO - Scraping finished. Found 0 total jobs.
2025-07-29 22:27:09,379 - __main__ - INFO - Printing 0 jobs to the console.
2025-07-29 22:27:09,380 - __main__ - INFO - Saving 0 jobs to yotspot.20250729_222707.md.
2025-07-29 22:31:01,262 - __main__ - INFO - YotspotScraper initialized with selectors verified against production HTML.
2025-07-29 22:31:01,262 - __main__ - INFO - Starting scrape for jobs posted in the last 3 days.
2025-07-29 22:31:01,262 - __main__ - INFO - Scraping job listings from page 1: https://www.yotspot.com/job-search.html?p=1
2025-07-29 22:31:02,956 - __main__ - INFO - Found 17 potential job cards on page 1.
2025-07-29 22:31:02,958 - __main__ - INFO - Found job older than 3 days ('Posted 12th Oct 2023'). Stopping all further pagination.
2025-07-29 22:31:02,958 - __main__ - INFO - Fetching details for 3 recent jobs from page 1.
2025-07-29 22:31:03,459 - __main__ - ERROR - Error scraping detail for /job-profile/2904793.html: /job-profile/2904793.html
Traceback (most recent call last):
  File "/home/swordfish/Downloads/ProjectYachtJobs/yotspot_scraper.py", line 81, in _scrape_job_detail
    async with session.get(job_url) as response:
               ~~~~~~~~~~~^^^^^^^^^
  File "/home/swordfish/miniconda3/envs/yachtjobs/lib/python3.13/site-packages/aiohttp/client.py", line 1488, in __aenter__
    self._resp: _RetType = await self._coro
                           ^^^^^^^^^^^^^^^^
  File "/home/swordfish/miniconda3/envs/yachtjobs/lib/python3.13/site-packages/aiohttp/client.py", line 637, in _request
    raise err_exc_cls(url)
aiohttp.client_exceptions.InvalidUrlClientError: /job-profile/2904793.html
2025-07-29 22:31:03,482 - __main__ - ERROR - Error scraping detail for /job-profile/2904791.html: /job-profile/2904791.html
Traceback (most recent call last):
  File "/home/swordfish/Downloads/ProjectYachtJobs/yotspot_scraper.py", line 81, in _scrape_job_detail
    async with session.get(job_url) as response:
               ~~~~~~~~~~~^^^^^^^^^
  File "/home/swordfish/miniconda3/envs/yachtjobs/lib/python3.13/site-packages/aiohttp/client.py", line 1488, in __aenter__
    self._resp: _RetType = await self._coro
                           ^^^^^^^^^^^^^^^^
  File "/home/swordfish/miniconda3/envs/yachtjobs/lib/python3.13/site-packages/aiohttp/client.py", line 637, in _request
    raise err_exc_cls(url)
aiohttp.client_exceptions.InvalidUrlClientError: /job-profile/2904791.html
2025-07-29 22:31:03,487 - __main__ - ERROR - Error scraping detail for /job-profile/2904779.html: /job-profile/2904779.html
Traceback (most recent call last):
  File "/home/swordfish/Downloads/ProjectYachtJobs/yotspot_scraper.py", line 81, in _scrape_job_detail
    async with session.get(job_url) as response:
               ~~~~~~~~~~~^^^^^^^^^
  File "/home/swordfish/miniconda3/envs/yachtjobs/lib/python3.13/site-packages/aiohttp/client.py", line 1488, in __aenter__
    self._resp: _RetType = await self._coro
                           ^^^^^^^^^^^^^^^^
  File "/home/swordfish/miniconda3/envs/yachtjobs/lib/python3.13/site-packages/aiohttp/client.py", line 637, in _request
    raise err_exc_cls(url)
aiohttp.client_exceptions.InvalidUrlClientError: /job-profile/2904779.html
2025-07-29 22:31:03,495 - __main__ - INFO - Scraping finished. Found 0 total jobs.
2025-07-29 22:31:03,496 - __main__ - INFO - Printing 0 jobs to the console.
2025-07-29 22:31:03,497 - __main__ - INFO - Saving 0 jobs to yotspot.20250729_223101.md.
2025-07-29 22:31:43,561 - __main__ - INFO - YotspotScraper initialized with selectors verified against production HTML.
2025-07-29 22:31:43,561 - __main__ - INFO - Starting scrape for jobs posted in the last 3 days.
2025-07-29 22:31:43,562 - __main__ - INFO - Scraping job listings from page 1: https://www.yotspot.com/job-search.html?p=1
2025-07-29 22:31:45,001 - __main__ - INFO - Found 17 potential job cards on page 1.
2025-07-29 22:31:45,003 - __main__ - INFO - Found job older than 3 days ('Posted 18th Oct 2023'). Stopping all further pagination.
2025-07-29 22:31:45,004 - __main__ - INFO - Fetching details for 3 recent jobs from page 1.
2025-07-29 22:31:45,505 - __main__ - ERROR - Error scraping detail for /job-profile/2904793.html: /job-profile/2904793.html
Traceback (most recent call last):
  File "/home/swordfish/Downloads/ProjectYachtJobs/yotspot_scraper.py", line 81, in _scrape_job_detail
    async with session.get(job_url) as response:
               ~~~~~~~~~~~^^^^^^^^^
  File "/home/swordfish/miniconda3/envs/yachtjobs/lib/python3.13/site-packages/aiohttp/client.py", line 1488, in __aenter__
    self._resp: _RetType = await self._coro
                           ^^^^^^^^^^^^^^^^
  File "/home/swordfish/miniconda3/envs/yachtjobs/lib/python3.13/site-packages/aiohttp/client.py", line 637, in _request
    raise err_exc_cls(url)
aiohttp.client_exceptions.InvalidUrlClientError: /job-profile/2904793.html
2025-07-29 22:31:45,514 - __main__ - ERROR - Error scraping detail for /job-profile/2904791.html: /job-profile/2904791.html
Traceback (most recent call last):
  File "/home/swordfish/Downloads/ProjectYachtJobs/yotspot_scraper.py", line 81, in _scrape_job_detail
    async with session.get(job_url) as response:
               ~~~~~~~~~~~^^^^^^^^^
  File "/home/swordfish/miniconda3/envs/yachtjobs/lib/python3.13/site-packages/aiohttp/client.py", line 1488, in __aenter__
    self._resp: _RetType = await self._coro
                           ^^^^^^^^^^^^^^^^
  File "/home/swordfish/miniconda3/envs/yachtjobs/lib/python3.13/site-packages/aiohttp/client.py", line 637, in _request
    raise err_exc_cls(url)
aiohttp.client_exceptions.InvalidUrlClientError: /job-profile/2904791.html
2025-07-29 22:31:45,518 - __main__ - ERROR - Error scraping detail for /job-profile/2904779.html: /job-profile/2904779.html
Traceback (most recent call last):
  File "/home/swordfish/Downloads/ProjectYachtJobs/yotspot_scraper.py", line 81, in _scrape_job_detail
    async with session.get(job_url) as response:
               ~~~~~~~~~~~^^^^^^^^^
  File "/home/swordfish/miniconda3/envs/yachtjobs/lib/python3.13/site-packages/aiohttp/client.py", line 1488, in __aenter__
    self._resp: _RetType = await self._coro
                           ^^^^^^^^^^^^^^^^
  File "/home/swordfish/miniconda3/envs/yachtjobs/lib/python3.13/site-packages/aiohttp/client.py", line 637, in _request
    raise err_exc_cls(url)
aiohttp.client_exceptions.InvalidUrlClientError: /job-profile/2904779.html
2025-07-29 22:31:45,525 - __main__ - INFO - Scraping finished. Found 0 total jobs.
2025-07-29 22:31:45,526 - __main__ - INFO - Printing 0 jobs to the console.
2025-07-29 22:31:45,527 - __main__ - INFO - Saving 0 jobs to yotspot.20250729_223143.md.
2025-07-29 22:34:45,938 - __main__ - INFO - YotspotScraper initialized.
2025-07-29 22:34:45,938 - __main__ - INFO - Starting scrape for jobs posted in the last 3 days.
2025-07-29 22:34:45,938 - __main__ - INFO - Scraping job listings from page 1: https://www.yotspot.com/job-search.html?p=1
2025-07-29 22:34:47,303 - __main__ - INFO - Found 17 job cards on page 1.
2025-07-29 22:34:47,321 - __main__ - INFO - Found job older than 3 days ('Posted 30th Aug 2023'). Stopping.
2025-07-29 22:34:47,321 - __main__ - INFO - Found job older than 3 days ('Posted 30th Aug 2023'). Stopping.
2025-07-29 22:34:47,324 - __main__ - INFO - Fetching details for 15 recent jobs from page 1.
2025-07-29 22:34:49,495 - __main__ - ERROR - Error scraping detail for https://www.yotspot.com/job-profile/2881726.html: 'utf-8' codec can't decode byte 0xc2 in position 5005: invalid continuation byte
Traceback (most recent call last):
  File "/home/swordfish/Downloads/ProjectYachtJobs/yotspot_scraper.py", line 90, in _scrape_job_detail
    content = await response.text()
              ^^^^^^^^^^^^^^^^^^^^^
  File "/home/swordfish/miniconda3/envs/yachtjobs/lib/python3.13/site-packages/aiohttp/client_reqrep.py", line 733, in text
    return self._body.decode(encoding, errors=errors)  # type: ignore[union-attr]
           ~~~~~~~~~~~~~~~~~^^^^^^^^^^^^^^^^^^^^^^^^^
UnicodeDecodeError: 'utf-8' codec can't decode byte 0xc2 in position 5005: invalid continuation byte
2025-07-29 22:34:51,844 - __main__ - INFO - Scraping finished. Found 14 total jobs.
2025-07-29 22:34:51,845 - __main__ - INFO - Printing 14 jobs to the console.
2025-07-29 22:34:51,847 - __main__ - INFO - Saving 14 jobs to yotspot.20250729_223445.md.
2025-07-29 22:34:51,848 - __main__ - INFO - Successfully saved jobs to Markdown file.
2025-07-29 22:36:30,208 - __main__ - INFO - YotspotScraper initialized with final verified selectors.
2025-07-29 22:36:30,208 - __main__ - INFO - Starting scrape for jobs posted in the last 3 days.
2025-07-29 22:36:30,209 - __main__ - INFO - Scraping job listings from page 1: https://www.yotspot.com/job-search.html?p=1
2025-07-29 22:36:31,821 - __main__ - INFO - Found 17 job cards on page 1.
2025-07-29 22:36:31,824 - __main__ - INFO - Found job older than 3 days ('Posted 5th Oct 2023').
2025-07-29 22:36:31,824 - __main__ - INFO - Found job older than 3 days ('Posted 5th Oct 2023').
2025-07-29 22:36:31,828 - __main__ - INFO - Fetching details for 15 recent jobs from page 1.
2025-07-29 22:36:34,108 - __main__ - ERROR - Error scraping detail for https://www.yotspot.com/job-profile/2881726.html: 'utf-8' codec can't decode byte 0xc2 in position 5005: invalid continuation byte
Traceback (most recent call last):
  File "/home/swordfish/Downloads/ProjectYachtJobs/yotspot_scraper.py", line 88, in _scrape_job_detail
    content = await response.text()
              ^^^^^^^^^^^^^^^^^^^^^
  File "/home/swordfish/miniconda3/envs/yachtjobs/lib/python3.13/site-packages/aiohttp/client_reqrep.py", line 733, in text
    return self._body.decode(encoding, errors=errors)  # type: ignore[union-attr]
           ~~~~~~~~~~~~~~~~~^^^^^^^^^^^^^^^^^^^^^^^^^
UnicodeDecodeError: 'utf-8' codec can't decode byte 0xc2 in position 5005: invalid continuation byte
2025-07-29 22:36:36,158 - __main__ - INFO - Stopping pagination as an old job was found.
2025-07-29 22:36:36,160 - __main__ - INFO - Scraping finished. Found 14 total jobs.
2025-07-29 22:36:36,161 - __main__ - INFO - Printing 14 jobs to the console.
2025-07-29 22:36:36,163 - __main__ - INFO - Saving 14 jobs to yotspot.20250729_223630.md.
2025-07-29 22:36:36,163 - __main__ - INFO - Successfully saved jobs to Markdown file.
2025-07-29 22:40:44,277 - __main__ - INFO - YotspotScraper initialized with resilient, multi-format selectors.
2025-07-29 22:40:44,277 - __main__ - INFO - Starting scrape for jobs posted in the last 3 days.
2025-07-29 22:40:44,277 - __main__ - INFO - Scraping job listings from page 1: https://www.yotspot.com/job-search.html?p=1
2025-07-29 22:40:45,888 - __main__ - INFO - Found 16 job cards on page 1.
2025-07-29 22:40:45,892 - __main__ - INFO - Fetching details for 15 recent jobs from page 1.
2025-07-29 22:40:50,288 - __main__ - INFO - Stopping pagination as an old job was found.
2025-07-29 22:40:50,290 - __main__ - INFO - Scraping finished. Found 15 total jobs.
2025-07-29 22:40:50,290 - __main__ - INFO - Printing 15 jobs to the console.
2025-07-29 22:40:50,293 - __main__ - INFO - Saving 15 jobs to yotspot.20250729_224044.md.
2025-07-29 22:40:50,293 - __main__ - INFO - Successfully saved jobs to Markdown file.
2025-07-29 22:47:01,527 - __main__ - INFO - YotspotScraper initialized with final, verified detail page selectors.
2025-07-29 22:47:01,527 - __main__ - INFO - Starting scrape for jobs posted in the last 3 days.
2025-07-29 22:47:01,528 - __main__ - INFO - Scraping job listings from page 1: https://www.yotspot.com/job-search.html?p=1
2025-07-29 22:47:02,959 - __main__ - INFO - Found 16 job cards on page 1.
2025-07-29 22:47:02,962 - __main__ - INFO - Fetching details for 15 recent jobs from page 1.
2025-07-29 22:47:07,318 - __main__ - INFO - Stopping pagination as an old job was found.
2025-07-29 22:47:07,321 - __main__ - INFO - Scraping finished. Found 15 total jobs.
2025-07-29 22:47:07,321 - __main__ - INFO - Printing 15 jobs to the console.
2025-07-29 22:47:07,324 - __main__ - INFO - Saving 15 jobs to yotspot.20250729_224701.md.
2025-07-29 22:47:07,324 - __main__ - INFO - Successfully saved jobs to Markdown file.
2025-07-29 22:49:25,268 - __main__ - INFO - YotspotScraper initialized with final, verified detail page selectors.
2025-07-29 22:49:25,268 - __main__ - INFO - Starting scrape for jobs posted in the last 3 days.
2025-07-29 22:49:25,268 - __main__ - INFO - Scraping job listings from page 1: https://www.yotspot.com/job-search.html?p=1
2025-07-29 22:49:26,731 - __main__ - INFO - Found 17 job cards on page 1.
2025-07-29 22:49:26,736 - __main__ - INFO - Fetching details for 15 recent jobs from page 1.
2025-07-29 22:49:31,135 - __main__ - INFO - Stopping pagination as an old job was found.
2025-07-29 22:49:31,137 - __main__ - INFO - Scraping finished. Found 15 total jobs.
2025-07-29 22:49:31,137 - __main__ - INFO - Printing 15 jobs to the console.
2025-07-29 22:49:31,140 - __main__ - INFO - Saving 15 jobs to yotspot.20250729_224925.md.
2025-07-29 22:49:31,140 - __main__ - INFO - Successfully saved jobs to Markdown file.
2025-07-29 22:51:29,175 - __main__ - INFO - YotspotScraper (Playwright Edition) initialized.
2025-07-29 22:51:29,175 - __main__ - INFO - Starting Playwright-based scrape.
2025-07-29 22:51:30,431 - __main__ - INFO - Discovering jobs on page 1: https://www.yotspot.com/job-search.html?p=1
2025-07-29 22:51:32,777 - __main__ - INFO - Found 17 job cards on page 1.
2025-07-29 22:51:32,777 - __main__ - ERROR - Error during job discovery on page 1: object Locator can't be used in 'await' expression
Traceback (most recent call last):
  File "/home/swordfish/Downloads/ProjectYachtJobs/yotspot_scraper.py", line 93, in scrape_jobs
    date_element = await card.locator("ul.job-item__info li:last-child").first
                   ^^^^^^^^^^^^^^^^^^^^^^^^^^^^^^^^^^^^^^^^^^^^^^^^^^^^^^^^^^^
TypeError: object Locator can't be used in 'await' expression
2025-07-29 22:51:32,778 - __main__ - INFO - Discovery complete. Found 0 recent job URLs to scrape.
2025-07-29 22:51:32,830 - __main__ - INFO - Scraping finished. Successfully processed 0 jobs.
2025-07-29 22:51:32,840 - __main__ - INFO - Printing 0 jobs to the console.
2025-07-29 22:51:32,840 - __main__ - INFO - Saving 0 jobs to yotspot.20250729_225129.md.
2025-07-29 22:53:37,326 - __main__ - INFO - YotspotScraper (Playwright Edition) initialized.
2025-07-29 22:53:37,326 - __main__ - INFO - Starting Playwright-based scrape.
2025-07-29 22:53:38,016 - __main__ - INFO - Discovering jobs on page 1: https://www.yotspot.com/job-search.html?p=1
2025-07-29 22:53:40,154 - __main__ - INFO - Found 17 job cards on page 1.
2025-07-29 22:53:41,854 - __main__ - INFO - Discovery complete. Found 15 recent job URLs to scrape.
2025-07-29 22:53:41,854 - __main__ - INFO - Scraping detail from: https://www.yotspot.com/job-profile/2872238.html
2025-07-29 22:53:52,382 - __main__ - ERROR - Timeout waiting for detail elements on https://www.yotspot.com/job-profile/2872238.html
2025-07-29 22:53:52,382 - __main__ - INFO - Scraping detail from: https://www.yotspot.com/job-profile/2786587.html
2025-07-29 22:54:03,049 - __main__ - ERROR - Timeout waiting for detail elements on https://www.yotspot.com/job-profile/2786587.html
2025-07-29 22:54:03,050 - __main__ - INFO - Scraping detail from: https://www.yotspot.com/job-profile/2786733.html
2025-07-29 22:54:13,839 - __main__ - ERROR - Timeout waiting for detail elements on https://www.yotspot.com/job-profile/2786733.html
2025-07-29 22:54:13,840 - __main__ - INFO - Scraping detail from: https://www.yotspot.com/job-profile/2904793.html
2025-07-29 22:54:24,582 - __main__ - ERROR - Timeout waiting for detail elements on https://www.yotspot.com/job-profile/2904793.html
2025-07-29 22:54:24,583 - __main__ - INFO - Scraping detail from: https://www.yotspot.com/job-profile/2904791.html
2025-07-29 22:54:35,330 - __main__ - ERROR - Timeout waiting for detail elements on https://www.yotspot.com/job-profile/2904791.html
2025-07-29 22:54:35,330 - __main__ - INFO - Scraping detail from: https://www.yotspot.com/job-profile/2904779.html
2025-07-29 22:54:45,901 - __main__ - ERROR - Timeout waiting for detail elements on https://www.yotspot.com/job-profile/2904779.html
2025-07-29 22:54:45,902 - __main__ - INFO - Scraping detail from: https://www.yotspot.com/job-profile/2904744.html
2025-07-29 22:54:56,753 - __main__ - ERROR - Timeout waiting for detail elements on https://www.yotspot.com/job-profile/2904744.html
2025-07-29 22:54:56,754 - __main__ - INFO - Scraping detail from: https://www.yotspot.com/job-profile/2807252.html
2025-07-29 22:55:07,502 - __main__ - ERROR - Timeout waiting for detail elements on https://www.yotspot.com/job-profile/2807252.html
2025-07-29 22:55:07,503 - __main__ - INFO - Scraping detail from: https://www.yotspot.com/job-profile/2614175.html
2025-07-29 22:55:18,253 - __main__ - ERROR - Timeout waiting for detail elements on https://www.yotspot.com/job-profile/2614175.html
2025-07-29 22:55:18,254 - __main__ - INFO - Scraping detail from: https://www.yotspot.com/job-profile/2670949.html
2025-07-29 22:55:28,988 - __main__ - ERROR - Timeout waiting for detail elements on https://www.yotspot.com/job-profile/2670949.html
2025-07-29 22:55:28,989 - __main__ - INFO - Scraping detail from: https://www.yotspot.com/job-profile/2894766.html
2025-07-29 22:55:39,766 - __main__ - ERROR - Timeout waiting for detail elements on https://www.yotspot.com/job-profile/2894766.html
2025-07-29 22:55:39,767 - __main__ - INFO - Scraping detail from: https://www.yotspot.com/job-profile/2817869.html
2025-07-29 22:55:50,386 - __main__ - ERROR - Timeout waiting for detail elements on https://www.yotspot.com/job-profile/2817869.html
2025-07-29 22:55:50,386 - __main__ - INFO - Scraping detail from: https://www.yotspot.com/job-profile/2892244.html
2025-07-29 22:56:01,350 - __main__ - ERROR - Timeout waiting for detail elements on https://www.yotspot.com/job-profile/2892244.html
2025-07-29 22:56:01,351 - __main__ - INFO - Scraping detail from: https://www.yotspot.com/job-profile/2881726.html
2025-07-29 22:56:12,077 - __main__ - ERROR - Timeout waiting for detail elements on https://www.yotspot.com/job-profile/2881726.html
2025-07-29 22:56:12,078 - __main__ - INFO - Scraping detail from: https://www.yotspot.com/job-profile/2821935.html
2025-07-29 22:59:41,281 - __main__ - INFO - YotspotScraper (Playwright Edition) initialized with resilient selectors.
2025-07-29 22:59:41,281 - __main__ - INFO - Starting Playwright-based scrape.
2025-07-29 22:59:41,924 - __main__ - INFO - Discovering jobs on page 1: https://www.yotspot.com/job-search.html?p=1
2025-07-29 22:59:44,009 - __main__ - INFO - Found 17 job cards on page 1.
2025-07-29 22:59:45,634 - __main__ - INFO - Discovery complete. Found 15 recent job URLs to scrape.
2025-07-29 22:59:45,635 - __main__ - INFO - Scraping detail from: https://www.yotspot.com/job-profile/2872238.html
2025-07-29 22:59:55,960 - __main__ - ERROR - Timeout: Could not find any valid selectors on https://www.yotspot.com/job-profile/2872238.html
2025-07-29 22:59:55,961 - __main__ - INFO - Scraping detail from: https://www.yotspot.com/job-profile/2786587.html
2025-07-29 23:00:06,671 - __main__ - ERROR - Timeout: Could not find any valid selectors on https://www.yotspot.com/job-profile/2786587.html
2025-07-29 23:00:06,672 - __main__ - INFO - Scraping detail from: https://www.yotspot.com/job-profile/2786733.html
2025-07-29 23:00:17,231 - __main__ - ERROR - Timeout: Could not find any valid selectors on https://www.yotspot.com/job-profile/2786733.html
2025-07-29 23:00:17,231 - __main__ - INFO - Scraping detail from: https://www.yotspot.com/job-profile/2904793.html
2025-07-29 23:00:28,042 - __main__ - ERROR - Timeout: Could not find any valid selectors on https://www.yotspot.com/job-profile/2904793.html
2025-07-29 23:00:28,043 - __main__ - INFO - Scraping detail from: https://www.yotspot.com/job-profile/2904791.html
2025-07-29 23:05:59,365 - __main__ - INFO - YotspotScraper (Playwright Edition) initialized with resilient selectors.
2025-07-29 23:05:59,365 - __main__ - INFO - Starting Playwright-based scrape.
2025-07-29 23:06:01,593 - __main__ - INFO - Discovering jobs on page 1: https://www.yotspot.com/job-search.html?p=1
2025-07-29 23:06:05,013 - __main__ - INFO - Found 17 job cards using selector: div.job-item--list
2025-07-29 23:06:06,439 - __main__ - INFO - Discovery complete. Found 15 recent job URLs to scrape.
2025-07-29 23:06:06,440 - __main__ - INFO - Scraping detail from: https://www.yotspot.com/job-profile/2872238.html
2025-07-29 23:06:08,088 - __main__ - INFO - Successfully scraped job: Captain in France...
2025-07-29 23:06:09,089 - __main__ - INFO - Scraping detail from: https://www.yotspot.com/job-profile/2786587.html
2025-07-29 23:06:10,523 - __main__ - INFO - Successfully scraped job: Deck/Steward(ess) in France...
2025-07-29 23:06:11,525 - __main__ - INFO - Scraping detail from: https://www.yotspot.com/job-profile/2786733.html
2025-07-29 23:06:12,916 - __main__ - INFO - Successfully scraped job: Sole Chef in France...
2025-07-29 23:06:13,918 - __main__ - INFO - Scraping detail from: https://www.yotspot.com/job-profile/2904793.html
2025-07-29 23:06:15,396 - __main__ - INFO - Successfully scraped job: Relief Chief Engineer in United States...
2025-07-29 23:06:16,398 - __main__ - INFO - Scraping detail from: https://www.yotspot.com/job-profile/2904791.html
2025-07-29 23:06:17,807 - __main__ - INFO - Successfully scraped job: Engineer in United States...
2025-07-29 23:06:18,810 - __main__ - INFO - Scraping detail from: https://www.yotspot.com/job-profile/2904779.html
2025-07-29 23:06:20,284 - __main__ - INFO - Successfully scraped job: Sole Chef in Panama...
2025-07-29 23:06:21,286 - __main__ - INFO - Scraping detail from: https://www.yotspot.com/job-profile/2904744.html
2025-07-29 23:06:22,820 - __main__ - INFO - Successfully scraped job: Lead Deckhand in Australia...
2025-07-29 23:06:23,821 - __main__ - INFO - Scraping detail from: https://www.yotspot.com/job-profile/2807252.html
2025-07-29 23:06:25,358 - __main__ - INFO - Successfully scraped job: Chief Officer/1st Mate in France...
2025-07-29 23:06:26,360 - __main__ - INFO - Scraping detail from: https://www.yotspot.com/job-profile/2614175.html
2025-07-29 23:06:28,023 - __main__ - INFO - Successfully scraped job: Sole Engineer in United States...
2025-07-29 23:06:29,025 - __main__ - INFO - Scraping detail from: https://www.yotspot.com/job-profile/2670949.html
2025-07-29 23:06:30,511 - __main__ - INFO - Successfully scraped job: Captain in United States...
2025-07-29 23:06:31,512 - __main__ - INFO - Scraping detail from: https://www.yotspot.com/job-profile/2894766.html
2025-07-29 23:06:32,957 - __main__ - INFO - Successfully scraped job: Deckhand in Italy...
2025-07-29 23:06:33,959 - __main__ - INFO - Scraping detail from: https://www.yotspot.com/job-profile/2817869.html
2025-07-29 23:06:35,458 - __main__ - INFO - Successfully scraped job: Laundry Steward(ess) in Italy...
2025-07-29 23:06:36,459 - __main__ - INFO - Scraping detail from: https://www.yotspot.com/job-profile/2892244.html
2025-07-29 23:06:38,018 - __main__ - INFO - Successfully scraped job: 2nd Steward(ess) in United States...
2025-07-29 23:06:39,020 - __main__ - INFO - Scraping detail from: https://www.yotspot.com/job-profile/2881726.html
2025-07-29 23:06:40,393 - __main__ - INFO - Successfully scraped job: Chief Officer/1st Mate in United States...
2025-07-29 23:06:41,395 - __main__ - INFO - Scraping detail from: https://www.yotspot.com/job-profile/2821935.html
2025-07-29 23:06:42,970 - __main__ - INFO - Successfully scraped job: Fleet Captain in United States...
2025-07-29 23:06:44,059 - __main__ - INFO - Scraping finished. Successfully processed 15 jobs.
2025-07-29 23:06:44,073 - __main__ - INFO - Printing 15 jobs to the console.
2025-07-29 23:06:44,115 - __main__ - INFO - Saving 15 jobs to yotspot.20250729_230559.md.
2025-07-29 23:06:44,116 - __main__ - INFO - Successfully saved jobs to Markdown file.
2025-07-29 23:09:22,196 - __main__ - INFO - YotspotScraper (Playwright Edition) initialized with resilient selectors.
2025-07-29 23:09:22,197 - __main__ - INFO - Starting Playwright-based scrape.
2025-07-29 23:09:23,304 - __main__ - INFO - Discovering jobs on page 1: https://www.yotspot.com/job-search.html?p=1
2025-07-29 23:09:26,626 - __main__ - INFO - Found 16 job cards using selector: div.job-item--list
2025-07-29 23:09:26,723 - __main__ - INFO - Stopping pagination - found job 999 days old (older than 3 days)
2025-07-29 23:09:28,002 - __main__ - INFO - Discovery complete. Found 15 recent job URLs to scrape.
2025-07-29 23:09:28,002 - __main__ - INFO - Scraping detail from: https://www.yotspot.com/job-profile/2872238.html
2025-07-29 23:09:29,416 - __main__ - INFO - Successfully scraped job: Captain in France...
2025-07-29 23:09:30,418 - __main__ - INFO - Scraping detail from: https://www.yotspot.com/job-profile/2786587.html
2025-07-29 23:09:31,827 - __main__ - INFO - Successfully scraped job: Deck/Steward(ess) in France...
2025-07-29 23:09:32,828 - __main__ - INFO - Scraping detail from: https://www.yotspot.com/job-profile/2786733.html
2025-07-29 23:09:34,284 - __main__ - INFO - Successfully scraped job: Sole Chef in France...
2025-07-29 23:09:35,286 - __main__ - INFO - Scraping detail from: https://www.yotspot.com/job-profile/2904793.html
2025-07-29 23:09:36,665 - __main__ - INFO - Successfully scraped job: Relief Chief Engineer in United States...
2025-07-29 23:11:00,935 - __main__ - INFO - YotspotScraper (Playwright Edition) initialized with resilient selectors.
2025-07-29 23:11:00,935 - __main__ - INFO - Starting Playwright-based scrape.
2025-07-29 23:11:01,598 - __main__ - INFO - Discovering jobs on page 1: https://www.yotspot.com/job-search.html?p=1
2025-07-29 23:11:04,985 - __main__ - INFO - Found 16 job cards using selector: div.job-item--list
2025-07-29 23:11:05,071 - __main__ - INFO - Stopping pagination - found job 999 days old (older than 3 days)
2025-07-29 23:11:06,295 - __main__ - INFO - Discovery complete. Found 15 recent job URLs to scrape.
2025-07-29 23:11:06,296 - __main__ - INFO - Scraping detail from: https://www.yotspot.com/job-profile/2872238.html
2025-07-29 23:11:07,631 - __main__ - INFO - Successfully scraped job: Captain in France...
2025-07-29 23:11:08,632 - __main__ - INFO - Scraping detail from: https://www.yotspot.com/job-profile/2786587.html
2025-07-29 23:11:09,982 - __main__ - INFO - Successfully scraped job: Deck/Steward(ess) in France...
2025-07-29 23:11:10,984 - __main__ - INFO - Scraping detail from: https://www.yotspot.com/job-profile/2786733.html
2025-07-29 23:11:12,412 - __main__ - INFO - Successfully scraped job: Sole Chef in France...
2025-07-29 23:11:13,414 - __main__ - INFO - Scraping detail from: https://www.yotspot.com/job-profile/2904793.html
2025-07-29 23:11:14,727 - __main__ - INFO - Successfully scraped job: Relief Chief Engineer in United States...
2025-07-29 23:11:15,729 - __main__ - INFO - Scraping detail from: https://www.yotspot.com/job-profile/2904791.html
2025-07-29 23:11:17,025 - __main__ - INFO - Successfully scraped job: Engineer in United States...
2025-07-29 23:11:18,026 - __main__ - INFO - Scraping detail from: https://www.yotspot.com/job-profile/2904779.html
2025-07-29 23:11:19,374 - __main__ - INFO - Successfully scraped job: Sole Chef in Panama...
2025-07-29 23:11:20,375 - __main__ - INFO - Scraping detail from: https://www.yotspot.com/job-profile/2904744.html
2025-07-29 23:11:21,701 - __main__ - INFO - Successfully scraped job: Lead Deckhand in Australia...
2025-07-29 23:11:22,702 - __main__ - INFO - Scraping detail from: https://www.yotspot.com/job-profile/2807252.html
2025-07-29 23:11:24,184 - __main__ - INFO - Successfully scraped job: Chief Officer/1st Mate in France...
2025-07-29 23:11:25,186 - __main__ - INFO - Scraping detail from: https://www.yotspot.com/job-profile/2614175.html
2025-07-29 23:11:26,571 - __main__ - INFO - Successfully scraped job: Sole Engineer in United States...
2025-07-29 23:11:27,573 - __main__ - INFO - Scraping detail from: https://www.yotspot.com/job-profile/2670949.html
2025-07-29 23:11:28,918 - __main__ - INFO - Successfully scraped job: Captain in United States...
2025-07-29 23:11:29,920 - __main__ - INFO - Scraping detail from: https://www.yotspot.com/job-profile/2894766.html
2025-07-29 23:11:31,237 - __main__ - INFO - Successfully scraped job: Deckhand in Italy...
2025-07-29 23:11:32,238 - __main__ - INFO - Scraping detail from: https://www.yotspot.com/job-profile/2817869.html
2025-07-29 23:11:33,711 - __main__ - INFO - Successfully scraped job: Laundry Steward(ess) in Italy...
2025-07-29 23:11:34,712 - __main__ - INFO - Scraping detail from: https://www.yotspot.com/job-profile/2892244.html
2025-07-29 23:11:36,120 - __main__ - INFO - Successfully scraped job: 2nd Steward(ess) in United States...
2025-07-29 23:11:37,121 - __main__ - INFO - Scraping detail from: https://www.yotspot.com/job-profile/2881726.html
2025-07-29 23:11:38,460 - __main__ - INFO - Successfully scraped job: Chief Officer/1st Mate in United States...
2025-07-29 23:11:39,461 - __main__ - INFO - Scraping detail from: https://www.yotspot.com/job-profile/2821935.html
2025-07-29 23:11:40,773 - __main__ - INFO - Successfully scraped job: Fleet Captain in United States...
2025-07-29 23:11:41,835 - __main__ - INFO - Scraping finished. Successfully processed 15 jobs.
2025-07-29 23:11:41,846 - __main__ - INFO - Printing 15 jobs to the console.
2025-07-29 23:11:41,869 - __main__ - INFO - Saving 15 jobs to yotspot_recent_3days.20250729_231100.md.
2025-07-29 23:11:41,870 - __main__ - INFO - Successfully saved jobs to Markdown file.
2025-07-29 23:15:44,261 - __main__ - INFO - YotspotScraper (Playwright Edition) initialized with resilient selectors.
2025-07-29 23:15:44,261 - __main__ - INFO - Starting Playwright-based scrape.
2025-07-29 23:15:44,908 - __main__ - INFO - Discovering jobs on page 1: https://www.yotspot.com/job-search.html?p=1
2025-07-29 23:15:48,037 - __main__ - INFO - Found 16 job cards using selector: div.job-item--list
2025-07-29 23:15:48,122 - __main__ - INFO - Stopping pagination - found job 999 days old (older than 3 days)
2025-07-29 23:15:49,349 - __main__ - INFO - Discovery complete. Found 15 recent job URLs to scrape.
2025-07-29 23:15:49,349 - __main__ - INFO - Scraping detail from: https://www.yotspot.com/job-profile/2872238.html
2025-07-29 23:15:50,672 - __main__ - INFO - Successfully scraped job: Captain in France...
2025-07-29 23:15:51,673 - __main__ - INFO - Scraping detail from: https://www.yotspot.com/job-profile/2786587.html
2025-07-29 23:15:53,004 - __main__ - INFO - Successfully scraped job: Deck/Steward(ess) in France...
2025-07-29 23:15:54,005 - __main__ - INFO - Scraping detail from: https://www.yotspot.com/job-profile/2786733.html
2025-07-29 23:15:55,453 - __main__ - INFO - Successfully scraped job: Sole Chef in France...
2025-07-29 23:15:56,454 - __main__ - INFO - Scraping detail from: https://www.yotspot.com/job-profile/2904793.html
2025-07-29 23:15:57,701 - __main__ - INFO - Successfully scraped job: Relief Chief Engineer in United States...
2025-07-29 23:15:58,702 - __main__ - INFO - Scraping detail from: https://www.yotspot.com/job-profile/2904791.html
2025-07-29 23:15:59,969 - __main__ - INFO - Successfully scraped job: Engineer in United States...
2025-07-29 23:16:00,971 - __main__ - INFO - Scraping detail from: https://www.yotspot.com/job-profile/2904779.html
2025-07-29 23:16:02,391 - __main__ - INFO - Successfully scraped job: Sole Chef in Panama...
2025-07-29 23:16:03,393 - __main__ - INFO - Scraping detail from: https://www.yotspot.com/job-profile/2904744.html
2025-07-29 23:16:04,732 - __main__ - INFO - Successfully scraped job: Lead Deckhand in Australia...
2025-07-29 23:16:05,734 - __main__ - INFO - Scraping detail from: https://www.yotspot.com/job-profile/2807252.html
2025-07-29 23:16:07,026 - __main__ - INFO - Successfully scraped job: Chief Officer/1st Mate in France...
2025-07-29 23:16:08,028 - __main__ - INFO - Scraping detail from: https://www.yotspot.com/job-profile/2614175.html
2025-07-29 23:16:09,289 - __main__ - INFO - Successfully scraped job: Sole Engineer in United States...
2025-07-29 23:16:10,290 - __main__ - INFO - Scraping detail from: https://www.yotspot.com/job-profile/2670949.html
2025-07-29 23:16:11,669 - __main__ - INFO - Successfully scraped job: Captain in United States...
2025-07-29 23:16:12,671 - __main__ - INFO - Scraping detail from: https://www.yotspot.com/job-profile/2894766.html
2025-07-29 23:16:14,058 - __main__ - INFO - Successfully scraped job: Deckhand in Italy...
2025-07-29 23:16:15,060 - __main__ - INFO - Scraping detail from: https://www.yotspot.com/job-profile/2817869.html
2025-07-29 23:16:16,373 - __main__ - INFO - Successfully scraped job: Laundry Steward(ess) in Italy...
2025-07-29 23:16:17,375 - __main__ - INFO - Scraping detail from: https://www.yotspot.com/job-profile/2892244.html
2025-07-29 23:16:18,705 - __main__ - INFO - Successfully scraped job: 2nd Steward(ess) in United States...
2025-07-29 23:16:19,707 - __main__ - INFO - Scraping detail from: https://www.yotspot.com/job-profile/2881726.html
2025-07-29 23:16:20,990 - __main__ - INFO - Successfully scraped job: Chief Officer/1st Mate in United States...
2025-07-29 23:16:21,992 - __main__ - INFO - Scraping detail from: https://www.yotspot.com/job-profile/2821935.html
2025-07-29 23:16:23,405 - __main__ - INFO - Successfully scraped job: Fleet Captain in United States...
2025-07-29 23:16:24,463 - __main__ - INFO - Scraping finished. Successfully processed 15 jobs.
2025-07-29 23:16:24,474 - __main__ - INFO - Printing 15 jobs to the console.
2025-07-29 23:16:24,497 - __main__ - INFO - Saving 15 jobs to yotspot_recent_3days.20250729_231544.md.
2025-07-29 23:16:24,498 - __main__ - INFO - Successfully saved jobs to Markdown file.
2025-07-29 23:17:48,508 - __main__ - INFO - YotspotScraper (Playwright Edition) initialized with resilient selectors.
2025-07-29 23:17:48,508 - __main__ - INFO - Starting Playwright-based scrape.
2025-07-29 23:17:49,317 - __main__ - INFO - Discovering jobs on page 1: https://www.yotspot.com/job-search.html?p=1
2025-07-29 23:17:53,467 - __main__ - INFO - Found 17 job cards using selector: div.job-item--list
2025-07-29 23:17:53,563 - __main__ - INFO - Stopping pagination - found job 651 days old (older than 3 days)
2025-07-29 23:17:53,575 - __main__ - INFO - Stopping pagination - found job 651 days old (older than 3 days)
2025-07-29 23:17:54,883 - __main__ - INFO - Discovery complete. Found 15 recent job URLs to scrape.
2025-07-29 23:17:54,883 - __main__ - INFO - Scraping detail from: https://www.yotspot.com/job-profile/2872238.html
2025-07-29 23:17:56,421 - __main__ - INFO - Successfully scraped job: Captain in France...
2025-07-29 23:17:57,423 - __main__ - INFO - Scraping detail from: https://www.yotspot.com/job-profile/2786587.html
2025-07-29 23:17:58,842 - __main__ - INFO - Successfully scraped job: Deck/Steward(ess) in France...
2025-07-29 23:17:59,844 - __main__ - INFO - Scraping detail from: https://www.yotspot.com/job-profile/2786733.html
2025-07-29 23:18:01,346 - __main__ - INFO - Successfully scraped job: Sole Chef in France...
2025-07-29 23:18:02,347 - __main__ - INFO - Scraping detail from: https://www.yotspot.com/job-profile/2904793.html
2025-07-29 23:18:03,914 - __main__ - INFO - Successfully scraped job: Relief Chief Engineer in United States...
2025-07-29 23:18:04,916 - __main__ - INFO - Scraping detail from: https://www.yotspot.com/job-profile/2904791.html
2025-07-29 23:18:06,395 - __main__ - INFO - Successfully scraped job: Engineer in United States...
2025-07-29 23:18:07,397 - __main__ - INFO - Scraping detail from: https://www.yotspot.com/job-profile/2904779.html
2025-07-29 23:18:08,797 - __main__ - INFO - Successfully scraped job: Sole Chef in Panama...
2025-07-29 23:18:09,799 - __main__ - INFO - Scraping detail from: https://www.yotspot.com/job-profile/2904744.html
2025-07-29 23:18:11,379 - __main__ - INFO - Successfully scraped job: Lead Deckhand in Australia...
2025-07-29 23:18:12,380 - __main__ - INFO - Scraping detail from: https://www.yotspot.com/job-profile/2807252.html
2025-07-29 23:18:13,855 - __main__ - INFO - Successfully scraped job: Chief Officer/1st Mate in France...
2025-07-29 23:18:14,856 - __main__ - INFO - Scraping detail from: https://www.yotspot.com/job-profile/2614175.html
2025-07-29 23:18:16,313 - __main__ - INFO - Successfully scraped job: Sole Engineer in United States...
2025-07-29 23:18:17,314 - __main__ - INFO - Scraping detail from: https://www.yotspot.com/job-profile/2670949.html
2025-07-29 23:18:18,965 - __main__ - INFO - Successfully scraped job: Captain in United States...
2025-07-29 23:18:19,967 - __main__ - INFO - Scraping detail from: https://www.yotspot.com/job-profile/2894766.html
2025-07-29 23:18:21,466 - __main__ - INFO - Successfully scraped job: Deckhand in Italy...
2025-07-29 23:18:22,468 - __main__ - INFO - Scraping detail from: https://www.yotspot.com/job-profile/2817869.html
2025-07-29 23:18:24,032 - __main__ - INFO - Successfully scraped job: Laundry Steward(ess) in Italy...
2025-07-29 23:18:25,034 - __main__ - INFO - Scraping detail from: https://www.yotspot.com/job-profile/2892244.html
2025-07-29 23:18:26,638 - __main__ - INFO - Successfully scraped job: 2nd Steward(ess) in United States...
2025-07-29 23:18:27,640 - __main__ - INFO - Scraping detail from: https://www.yotspot.com/job-profile/2881726.html
2025-07-29 23:18:29,088 - __main__ - INFO - Successfully scraped job: Chief Officer/1st Mate in United States...
2025-07-29 23:18:30,090 - __main__ - INFO - Scraping detail from: https://www.yotspot.com/job-profile/2821935.html
2025-07-29 23:18:31,522 - __main__ - INFO - Successfully scraped job: Fleet Captain in United States...
2025-07-29 23:18:32,682 - __main__ - INFO - Scraping finished. Successfully processed 15 jobs.
2025-07-29 23:18:32,695 - __main__ - INFO - Printing 15 jobs to the console.
2025-07-29 23:18:32,722 - __main__ - INFO - Saving 15 jobs to yotspot_recent_3days.20250729_231748.md.
2025-07-29 23:18:32,722 - __main__ - INFO - Successfully saved jobs to Markdown file.
2025-07-29 23:19:02,006 - __main__ - INFO - YotspotScraper (Playwright Edition) initialized with resilient selectors.
2025-07-29 23:19:02,007 - __main__ - INFO - Starting Playwright-based scrape.
2025-07-29 23:19:03,237 - __main__ - INFO - Discovering jobs on page 1: https://www.yotspot.com/job-search.html?p=1
2025-07-29 23:19:06,729 - __main__ - INFO - Found 16 job cards using selector: div.job-item--list
2025-07-29 23:19:06,837 - __main__ - INFO - Stopping pagination - found job 999 days old (older than 3 days)
2025-07-29 23:19:08,145 - __main__ - INFO - Discovery complete. Found 15 recent job URLs to scrape.
2025-07-29 23:19:08,145 - __main__ - INFO - Scraping detail from: https://www.yotspot.com/job-profile/2872238.html
2025-07-29 23:19:09,636 - __main__ - INFO - Successfully scraped job: Captain in France...
2025-07-29 23:19:10,637 - __main__ - INFO - Scraping detail from: https://www.yotspot.com/job-profile/2786587.html
2025-07-29 23:19:12,044 - __main__ - INFO - Successfully scraped job: Deck/Steward(ess) in France...
2025-07-29 23:19:13,046 - __main__ - INFO - Scraping detail from: https://www.yotspot.com/job-profile/2786733.html
2025-07-29 23:19:14,539 - __main__ - INFO - Successfully scraped job: Sole Chef in France...
2025-07-29 23:19:15,541 - __main__ - INFO - Scraping detail from: https://www.yotspot.com/job-profile/2904793.html
2025-07-29 23:19:17,124 - __main__ - INFO - Successfully scraped job: Relief Chief Engineer in United States...
2025-07-29 23:19:18,126 - __main__ - INFO - Scraping detail from: https://www.yotspot.com/job-profile/2904791.html
2025-07-29 23:19:19,502 - __main__ - INFO - Successfully scraped job: Engineer in United States...
2025-07-29 23:19:20,504 - __main__ - INFO - Scraping detail from: https://www.yotspot.com/job-profile/2904779.html
2025-07-29 23:19:21,902 - __main__ - INFO - Successfully scraped job: Sole Chef in Panama...
2025-07-29 23:19:22,903 - __main__ - INFO - Scraping detail from: https://www.yotspot.com/job-profile/2904744.html
2025-07-29 23:19:24,441 - __main__ - INFO - Successfully scraped job: Lead Deckhand in Australia...
2025-07-29 23:19:25,442 - __main__ - INFO - Scraping detail from: https://www.yotspot.com/job-profile/2807252.html
2025-07-29 23:19:26,878 - __main__ - INFO - Successfully scraped job: Chief Officer/1st Mate in France...
2025-07-29 23:19:27,880 - __main__ - INFO - Scraping detail from: https://www.yotspot.com/job-profile/2614175.html
2025-07-29 23:19:29,421 - __main__ - INFO - Successfully scraped job: Sole Engineer in United States...
2025-07-29 23:19:30,422 - __main__ - INFO - Scraping detail from: https://www.yotspot.com/job-profile/2670949.html
2025-07-29 23:19:31,973 - __main__ - INFO - Successfully scraped job: Captain in United States...
2025-07-29 23:19:32,974 - __main__ - INFO - Scraping detail from: https://www.yotspot.com/job-profile/2894766.html
2025-07-29 23:19:34,542 - __main__ - INFO - Successfully scraped job: Deckhand in Italy...
2025-07-29 23:19:35,543 - __main__ - INFO - Scraping detail from: https://www.yotspot.com/job-profile/2817869.html
2025-07-29 23:19:36,901 - __main__ - INFO - Successfully scraped job: Laundry Steward(ess) in Italy...
2025-07-29 23:19:37,903 - __main__ - INFO - Scraping detail from: https://www.yotspot.com/job-profile/2892244.html
2025-07-29 23:19:39,416 - __main__ - INFO - Successfully scraped job: 2nd Steward(ess) in United States...
2025-07-29 23:19:40,417 - __main__ - INFO - Scraping detail from: https://www.yotspot.com/job-profile/2881726.html
2025-07-29 23:19:41,878 - __main__ - INFO - Successfully scraped job: Chief Officer/1st Mate in United States...
2025-07-29 23:19:42,880 - __main__ - INFO - Scraping detail from: https://www.yotspot.com/job-profile/2821935.html
2025-07-29 23:19:44,431 - __main__ - INFO - Successfully scraped job: Fleet Captain in United States...
2025-07-29 23:19:45,512 - __main__ - INFO - Scraping finished. Successfully processed 15 jobs.
2025-07-29 23:19:45,524 - __main__ - INFO - Printing 15 jobs to the console.
2025-07-29 23:19:45,542 - __main__ - INFO - Saving 15 jobs to yotspot_recent_3days.20250729_231902.md.
2025-07-29 23:19:45,543 - __main__ - INFO - Successfully saved jobs to Markdown file.
2025-07-29 23:27:10,691 - __main__ - INFO - YotspotScraper (Playwright Edition) initialized with resilient selectors.
2025-07-29 23:27:10,691 - __main__ - INFO - Starting Playwright-based scrape.
2025-07-29 23:27:11,500 - __main__ - INFO - Discovering jobs on page 1: https://www.yotspot.com/job-search.html?p=1
2025-07-29 23:27:14,948 - __main__ - INFO - Found 17 job cards using selector: div.job-item--list
2025-07-29 23:27:15,028 - __main__ - INFO - Stopping pagination - found job 650 days old (older than 3 days)
2025-07-29 23:27:15,038 - __main__ - INFO - Stopping pagination - found job 650 days old (older than 3 days)
2025-07-29 23:27:16,269 - __main__ - INFO - Discovery complete. Found 15 recent job URLs to scrape.
2025-07-29 23:27:16,270 - __main__ - INFO - Scraping detail from: https://www.yotspot.com/job-profile/2872238.html
2025-07-29 23:27:17,620 - __main__ - INFO - Successfully scraped job: Captain in France...
2025-07-29 23:27:18,622 - __main__ - INFO - Scraping detail from: https://www.yotspot.com/job-profile/2786587.html
2025-07-29 23:27:20,181 - __main__ - INFO - Successfully scraped job: Deck/Steward(ess) in France...
2025-07-29 23:27:21,183 - __main__ - INFO - Scraping detail from: https://www.yotspot.com/job-profile/2786733.html
2025-07-29 23:27:22,518 - __main__ - INFO - Successfully scraped job: Sole Chef in France...
2025-07-29 23:27:23,519 - __main__ - INFO - Scraping detail from: https://www.yotspot.com/job-profile/2904793.html
2025-07-29 23:27:24,853 - __main__ - INFO - Successfully scraped job: Relief Chief Engineer in United States...
2025-07-29 23:27:25,855 - __main__ - INFO - Scraping detail from: https://www.yotspot.com/job-profile/2904791.html
2025-07-29 23:27:27,189 - __main__ - INFO - Successfully scraped job: Engineer in United States...
2025-07-29 23:27:28,190 - __main__ - INFO - Scraping detail from: https://www.yotspot.com/job-profile/2904779.html
2025-07-29 23:27:29,452 - __main__ - INFO - Successfully scraped job: Sole Chef in Panama...
2025-07-29 23:27:30,453 - __main__ - INFO - Scraping detail from: https://www.yotspot.com/job-profile/2904744.html
2025-07-29 23:27:31,794 - __main__ - INFO - Successfully scraped job: Lead Deckhand in Australia...
2025-07-29 23:27:32,796 - __main__ - INFO - Scraping detail from: https://www.yotspot.com/job-profile/2807252.html
2025-07-29 23:27:34,258 - __main__ - INFO - Successfully scraped job: Chief Officer/1st Mate in France...
2025-07-29 23:27:35,260 - __main__ - INFO - Scraping detail from: https://www.yotspot.com/job-profile/2614175.html
2025-07-29 23:27:36,600 - __main__ - INFO - Successfully scraped job: Sole Engineer in United States...
2025-07-29 23:27:37,602 - __main__ - INFO - Scraping detail from: https://www.yotspot.com/job-profile/2670949.html
2025-07-29 23:27:39,002 - __main__ - INFO - Successfully scraped job: Captain in United States...
2025-07-29 23:27:40,004 - __main__ - INFO - Scraping detail from: https://www.yotspot.com/job-profile/2894766.html
2025-07-29 23:27:41,454 - __main__ - INFO - Successfully scraped job: Deckhand in Italy...
2025-07-29 23:27:42,455 - __main__ - INFO - Scraping detail from: https://www.yotspot.com/job-profile/2817869.html
2025-07-29 23:27:43,901 - __main__ - INFO - Successfully scraped job: Laundry Steward(ess) in Italy...
2025-07-29 23:27:44,903 - __main__ - INFO - Scraping detail from: https://www.yotspot.com/job-profile/2892244.html
2025-07-29 23:27:46,345 - __main__ - INFO - Successfully scraped job: 2nd Steward(ess) in United States...
2025-07-29 23:27:47,346 - __main__ - INFO - Scraping detail from: https://www.yotspot.com/job-profile/2881726.html
2025-07-29 23:27:48,709 - __main__ - INFO - Successfully scraped job: Chief Officer/1st Mate in United States...
2025-07-29 23:27:49,710 - __main__ - INFO - Scraping detail from: https://www.yotspot.com/job-profile/2821935.html
2025-07-29 23:27:51,067 - __main__ - INFO - Successfully scraped job: Fleet Captain in United States...
2025-07-29 23:27:52,205 - __main__ - INFO - Scraping finished. Successfully processed 15 jobs.
2025-07-29 23:27:52,221 - __main__ - INFO - Printing 15 jobs to the console.
2025-07-29 23:27:52,258 - __main__ - INFO - Saving 15 jobs to yotspot_recent_3days.20250729_232710.md.
2025-07-29 23:27:52,259 - __main__ - INFO - Successfully saved jobs to Markdown file.
2025-07-31 23:24:34,675 - __main__ - INFO - Daywork123Scraper initialized.
2025-07-31 23:24:34,676 - __main__ - INFO - Starting scrape for up to 1 pages.
2025-07-31 23:24:36,754 - __main__ - INFO - Scraping page 1...
2025-07-31 23:24:39,603 - __main__ - INFO - Found 892 jobs on page 1. Total jobs: 892.
2025-07-31 23:24:42,231 - __main__ - INFO - Browser closed. Scraping finished.
2025-07-31 23:24:42,262 - __main__ - INFO - Printing 892 jobs to the console.
2025-07-31 23:24:42,740 - __main__ - INFO - Finished printing jobs.
2025-07-31 23:24:42,741 - __main__ - INFO - Saving 892 jobs to daywork123.20250731_232434.md.
2025-07-31 23:24:42,751 - __main__ - INFO - Successfully saved jobs to Markdown file.
2025-08-16 01:58:25,330 - __main__ - INFO -  Starting Daywork123 scraper...
2025-08-16 01:58:25,336 - daywork123_scraper - INFO - Daywork123Scraper initialized.
2025-08-16 01:58:25,336 - daywork123_scraper - INFO - Starting scrape for up to 2 pages.
2025-08-16 01:58:26,953 - daywork123_scraper - INFO - Scraping page 1...
2025-08-16 01:58:29,899 - daywork123_scraper - INFO - Found 792 jobs on page 1. Total jobs: 792.
2025-08-16 01:58:32,400 - daywork123_scraper - INFO - Scraping page 2...
2025-08-16 01:58:47,379 - __main__ - ERROR - Unexpected error: Browser.close: Connection closed while reading from the driver
2025-08-16 01:58:47,455 - asyncio - ERROR - Future exception was never retrieved
future: <Future finished exception=TargetClosedError('Target page, context or browser has been closed\nCall log:\n  - waiting for locator("a[href*=\\"Page$2\\"]")\n')>
playwright._impl._errors.TargetClosedError: Target page, context or browser has been closed
Call log:
  - waiting for locator("a[href*=\"Page$2\"]")

2025-08-16 02:00:29,095 - __main__ - INFO -  Starting Daywork123 scraper...
2025-08-16 02:00:29,095 - daywork123_scraper - INFO - Daywork123Scraper initialized.
2025-08-16 02:00:29,096 - daywork123_scraper - INFO - Starting scrape for up to 2 pages.
2025-08-16 02:00:30,641 - daywork123_scraper - INFO - Scraping page 1...
2025-08-16 02:00:33,382 - daywork123_scraper - INFO - Found 792 jobs on page 1. Total jobs: 792.
2025-08-16 02:00:35,884 - daywork123_scraper - INFO - Scraping page 2...
2025-08-16 02:01:05,910 - daywork123_scraper - ERROR - Timeout occurred waiting for job table or pagination link on page 2.
2025-08-16 02:01:05,911 - daywork123_scraper - ERROR - Failed to load page 2 or find job table. Stopping.
2025-08-16 02:01:06,145 - daywork123_scraper - INFO - Browser closed. Scraping finished.
2025-08-16 02:01:06,161 - __main__ - INFO -  Initial scraping completed:
2025-08-16 02:01:06,161 - __main__ - INFO -    Total jobs found: 792
2025-08-16 02:01:06,162 - __main__ - INFO -  Filtering jobs from last week...
2025-08-16 02:01:09,686 - __main__ - INFO -  Job from last week: I am looking for a freelance stewardess in Miami that is confident in handling lines and fenders and possesses confidence in providing white glove service . PRIVATE 2025 70ft luxury day boat in coconut grove . (posted: 15-Aug-2025)
2025-08-16 02:01:09,693 - __main__ - INFO -  Job from last week: Hiring ASAP solo stew to finish the season. With the possibility of joining full-time. Great position with an established program. Summers in New England and Winters in Fort Lauderdale, with trips to the Bahamas. This is a stewardess position with some line handling on 80' yacht. US-flagged. Please send your Resume to the email address for consideration. Full benefits available and great pay depending on experience (posted: 15-Aug-2025)
2025-08-16 02:01:09,699 - __main__ - INFO -  Job from last week: ISO CAPTAIN AVAILABLE ASAP UNTIL NOVEMBER 80ft Hargrave Cayman Islands vessel. The program is based in The Bahamas until December where we move to BVI possibility to stay onboard then. Wonderful live aboard owners. Contact me if interested thank you! superstarmy143@gmail.com (posted: 15-Aug-2025)
2025-08-16 02:01:09,705 - __main__ - INFO -  Job from last week: Deckhand Needed, 91' Motor Yacht, US Flag, in search of deckhand for 2-3 days of exterior cleaning starting monday August 18. We are in yard on the hard at LMC. Please have experience with washing, teak treatment, metal polish, etc.
US Passport only, thank you.
Dayrate paid per day, lunch provided.
Please send CV's for consideration (posted: 15-Aug-2025)
2025-08-16 02:01:09,711 - __main__ - INFO -  Job from last week: Stews needed - Aug 30th event onboard at Key Biscayne.  General help with housekeeping, and guest service. (posted: 15-Aug-2025)
2025-08-16 02:01:09,718 - __main__ - INFO -  Job from last week: Looking for Captian for months of September - October Chelsea Piers based PURSUIT DC325. Captain will need to be available on 3-4 days notice to take owners family and friends on 1-3 hour evening cruises. Likely no more than  5-6 trips for the fall. Pay is $750 / per outing. Contact me if interested. (posted: 15-Aug-2025)
2025-08-16 02:01:09,725 - __main__ - INFO -  Job from last week: Seeking professional stew for temporary gig in Fort Lauderdale.  Line handling skills a plus,  must be able to take care of guests onboard basically heads and beds for approximately 5 days.  Interior and exterior skills,  US flag, dates 8/20/25 to 8/26/25. Nice owners,  4 guests.  Possible trip to Miami on 8/24/25.  No drama. (posted: 14-Aug-2025)
2025-08-16 02:01:09,731 - __main__ - INFO -  Job from last week: Looking for a certified diver to assist with a bottom cleaning on a large vessel one day next week. Must have experience and your own regulator and BCD. Can lead to future jobs (posted: 14-Aug-2025)
2025-08-16 02:01:09,736 - __main__ - INFO -  Job from last week: Looking for a Stew to finish out northeast season. Heading back to FTL early/mid  september. US Flagged, US applicants only please.  Private vessel, runs with crew of 2 on an 85 M/Y. Stew must be confident with lines and fenders. Please send C/V to fs85captain@yahoo.com (posted: 14-Aug-2025)
2025-08-16 02:01:09,741 - __main__ - INFO -  Job from last week: Seeking an experienced deck/stewardess for a week starting Monday 10/18 until Sunday 10/25 .
Must be friendly and accommodating and work well with others. Possibly a couple of daytrips but mostly dockside.  Live onboard possible but not necessary. US citizens or green card only. Please respond with resume and references.  Day rate or week rate works. (posted: 14-Aug-2025)
2025-08-16 02:01:09,747 - __main__ - INFO -  Job from last week: Max Tallent Management is seeking a reliable and detail-oriented Estate Assistant Property Manager for an Ultra High Net Worth (UHNW) client in South Florida. This position is ideal for a candidate who thrives in a hands-on role, has basic handyman skills, is comfortable working around pets, and is looking to support the day-to-day operations of a large, well-run private estate. (posted: 14-Aug-2025)
2025-08-16 02:01:09,752 - __main__ - INFO -  Job from last week: Position: Full-Time Deck/Stewardess
We are seeking a versatile Deck/Stewardess to join our crew aboard a privately run 85-foot motor yacht Based in New England during the summer months and out of Jupiter, Florida and The Bahamas during the rest of the year, this role serves within a two-person crew structure and supports light owner usage. The ideal candidate will provide occasional guest service, interior cleaning and assist with exterior duties such as line handling, deck maintenance, and docking readiness when required. This position calls for someone with strong attention to detail, adaptability, and a proactive "can-do" attitude. 2 years of experience in yacht service is preferred but will train the right candidate if less experienced. Bonus credentials include food safety certification and basic seamanship. Compensation is commensurate with experience; the package includes accommodations, travel between seasonal cruising grounds, and provisions.
All candidates must be legal to (posted: 14-Aug-2025)
2025-08-16 02:01:09,759 - __main__ - INFO -  Job from last week: Max Tallent Management is seeking a polished and detail-driven Housekeeping & Laundry Assistant with light glam/personal styling support experience for a discerning ULHNWI based in the Fort LauderdaleMiami area. This full-time position requires a pet-friendly, hands-on professional with a sharp eye for cleanliness, wardrobe presentation, and the refined touches that support a luxury lifestyle.

This is a rare opportunity for a housekeeping professional who understands elevated service standards and takes pride in maintaining pristine environments and polished wardrobes with a touch of glam. (posted: 14-Aug-2025)
2025-08-16 02:01:09,766 - __main__ - INFO -  Job from last week: Max Tallent Management is seeking a polished, detail-oriented, and pet-friendly Estate Stewardess to support a private Ultra-Luxury High-Net-Worth Individual (ULHNWI) based in the MiamiFort Lauderdale area. This is a land-based role ideal for current or former yacht stewardesses looking to transition to a private estate, while continuing to provide white-glove hospitality service in a luxury residential environment.

The ideal candidate is highly organized, proactive, and comfortable working in a fast-paced household with high expectations for discretion, precision, and flexibility. (posted: 14-Aug-2025)
2025-08-16 02:01:09,773 - __main__ - INFO -  Job from last week: TEMP MATE needed for a 100' private, foreign flagged motor yacht based in Newport Beach, California. 

Start date August 10 for 5 weeks. Accommodation provided onboard. 

Ideally 100T license or Yachtmaster. 

Interested candidates please email: goodstew@marinegroupbw.com (posted: 13-Aug-2025)
2025-08-16 02:01:09,781 - __main__ - INFO -  Job from last week: We are looking for an experienced Permanent Solo Stewardess for an 85ft private/charter yacht.
?? Requirements:
Proven experience as a solo stew
Fluent in Spanish and English
Valid B1/B2 visa
If you meet the criteria and are interested in the position, please send your CV to:
?? captaingulex@yahoo.com (posted: 13-Aug-2025)
2025-08-16 02:01:09,788 - __main__ - INFO -  Job from last week: Looking for a Mate for an 85 foot American flagged MY. Someone who has a 50 ton or 100 ton or 200 ton and hes looking for their first captains job.  Owner is nice once you get to know him very knowledgeable and helpful.  They do tow a 26 foot good line handling is a must.  be very hands-on.  Must be open to some interior cleaning when necessary.  The boat will be traveling back to South Florida by November . winters in Marco Island. With occasional weekend trips to the keys.  If interested, please send rsum to Mattkgreenaway@yahoo.com. (posted: 13-Aug-2025)
2025-08-16 02:01:09,793 - __main__ - INFO -  Job from last week: Co-Captain or a Mate (ready for their 1st drive) required for an 85' M/Y - US Flag. Private - Start up: ASAP - Must be willing to help with the interior - Must be able to operate a tender - If you are interested, please e-mail CV and references to receive more specific job information. (posted: 13-Aug-2025)
2025-08-16 02:01:09,801 - __main__ - INFO -  Job from last week: Chef 37m Foreign-Flagged Motor Yacht
Start Date: ASAP
Location: Florida & The Bahamas
Salary: $8,000 to $9,000 USD/month
Contract: Private with charters

We are seeking a Chef for a 37-meter foreign-flagged motor yacht. The ideal candidate will be culinary trained, creative, and confident cooking for charter guests.

Requirements:

Culinary training/certification
B1/B2 visa or legal to work in the US
Must have previous experience cooking on yachts
Female chef (due to cabin arrangements)? (posted: 12-Aug-2025)
2025-08-16 02:01:09,808 - __main__ - INFO -  Job from last week: Deck/Engineer type needed for 95' motor in the yard FLL. ASAP. Please email your CV or call 954 712 7126. US or green card needed. (posted: 12-Aug-2025)
2025-08-16 02:01:09,815 - __main__ - INFO -  Job from last week: Looking for an experienced dive helper one day this week or next for a 178-ft yacht in Fort Lauderdale. Could lead to ongoing work. Coordinating exact date with the customer now. Must have own regulator and BCD. (posted: 12-Aug-2025)
2025-08-16 02:01:09,820 - __main__ - INFO -  Job from last week: Position: DECKHAND/ENGINEER - YARD FTL Start Date: ASAP Itinerary: Fort Lauderdale YARD License Required: MUST have Deck experience, some basic engineering skills are a HUGE plus. Requirements: painting, teak work, product knowledge, can turn a wrench, handle a screw driver, etc. STCW + Refresher marine medical or ENG1 (valid for 6 months) US or work permit to work in the US yard Any engineering licenses are a plus. (AEC 1 and 2) Responsibilities: Some Engine room knowledge Deck maintenance experience Tender driving - Grady-white tender 34' Plus Lines/Fenders Watches Other: Good social skills, well spoken. Great eye for detail. Hands on. Will be in the yard in FTL for a couple of months. Job Specifics: Local to FTL is best. Can stay on the boat or off. (posted: 12-Aug-2025)
2025-08-16 02:01:09,826 - __main__ - INFO -  Job from last week: Deck required for an 85' M/Y - US Flag. Private - Start up: ASAP - Must be willing to help with the interior - Must be able to operate a tender - If you are interested, please e-mail CV and references to receive more specific job information. (posted: 12-Aug-2025)
2025-08-16 02:01:09,833 - __main__ - INFO -  Job from last week: Position: DECKHAND/ENGINEER - YARD FTL
Start Date: ASAP
Itinerary: Fort Lauderdale YARD
License Required: MUST have Deck experience, some basic engineering skills are a HUGE plus.
Requirements:  painting, teak work, product knowledge, can turn a wrench, handle a screw driver, etc. 
STCW + Refresher
marine medical or ENG1 (valid for 6 months)
US or work permit to work in the US yard
Any engineering licenses are a plus. (AEC 1 and 2)
 
Responsibilities:
Some Engine room knowledge
Deck maintenance experience
Tender driving - Grady-white tender 34' Plus
Lines/Fenders
Watches
 
Other: Good social skills, well spoken. Great eye for detail.  Hands on. Will be in the yard in FTL for a couple of months.  

Job Specifics:  Local to FTL is best. Can stay on the boat or off. (posted: 12-Aug-2025)
2025-08-16 02:01:09,838 - __main__ - INFO -  Job from last week: US flagged 68' Princess. Need stew for Bahama trip Aug 24th to Sept 3rd. 5 easy guests. Docked every night. Duties include; interior, heads beds, light breakfast, mixing drinks, snack trays, handle lines when docking. Please send CV and daily rate to 
capttodd@protonmail.com    Thank you (posted: 12-Aug-2025)
2025-08-16 02:01:09,843 - __main__ - INFO -  Job from last week: Position: Full-Time Deck/Stewardess
We are seeking a versatile Deck/Stewardess to join our crew aboard a privately run 85-foot motor yacht Based in New England during the summer months and out of Jupiter, Florida and The Bahamas during the rest of the year, this role serves within a two-person crew structure and supports light owner usage. The ideal candidate will provide occasional guest service, interior cleaning and assist with exterior duties such as line handling, deck maintenance, and docking readiness when required. This position calls for someone with strong attention to detail, adaptability, and a proactive "can-do" attitude. 2 years of experience in yacht service is preferred but will train the right candidate if less experienced. Bonus credentials include food safety certification and basic seamanship. Compensation is commensurate with experience; the package includes accommodations, travel between seasonal cruising grounds, and provisions.
All candidates must be legal to (posted: 12-Aug-2025)
2025-08-16 02:01:09,850 - __main__ - INFO -  Job from last week: Chief Stewardess. Seeking permanent. Could be experienced second stew looking to move up into new role. Longevity a huge plus. Industry standard benefits. 13th month bonus, health, classes, 30 days PTO etc. US or Green card only. Must pass drug test. Miami Winters, Annapolis Summers (posted: 12-Aug-2025)
2025-08-16 02:01:09,854 - __main__ - INFO -  Job from last week: We are looking for a proficient and experienced stewardess to join a charter from August 27th to Sept 2nd aboard a 30m yacht on the west coast of Florida. Crew of four. Will pay for travel from South Florida. (posted: 12-Aug-2025)
2025-08-16 02:01:09,861 - __main__ - INFO -  Job from last week: Looking for an experienced First Mate OR Deckhand for a US flagged M/Y. Based in Fort Lauderdale . Frequent guest usage. MUST BE EXPERIENCED IN DECK MAINTENANCE , OFFICER DUTIES , ORGANIZED AND CLEAN.  

Live Aboard position with 2+ Year Experience required 

MUST!!! Be US citizen. Pay DOE (posted: 11-Aug-2025)
2025-08-16 02:01:09,869 - __main__ - INFO -  Job from last week: POSITION: Captain
[MUST: Expert at Ballasting the Boat During Wake Sports]

WHEN: August 17 from 1-6pm

BOAT: Nautique G25 Wakesurf Boat (2018)
FLAG: USA
OTHER CREW OB: None

BOARDING: Private Dock in North Bay Village
GUEST(S): 8-10

ITINERARY: Wakeboarding in Biscayne Bay

OFFER = $300 + Tip 
ACCEPT OFFER or MAKE A BID

Please message me, if you're qualified & available. Thank you! (posted: 11-Aug-2025)
2025-08-16 02:01:09,876 - __main__ - INFO -  Job from last week: Stewardess wanted for 30m private motor yacht. Must have experience on yachts 20m+, strong service and housekeeping skills, fluent Russian and English. Duties: guest service, housekeeping, laundry, table setting, provisioning, boat wash, polishing and assisting other crew. Competitive salary, great crew and owner. Send CV, few photos and certificates to motoryacht.aezakmi@yahoo.com (posted: 11-Aug-2025)
2025-08-16 02:01:09,883 - __main__ - INFO -  Job from last week: 1 stewardess needed for interior work/serving
possible 1 week. $200 per day. Palm Beach/Peruvian Dock. Town of Palm Beach Docks. Send CV (posted: 11-Aug-2025)
2025-08-16 02:01:09,890 - __main__ - INFO -  Job from last week: Seeking US citizen/ green card mate for August 27th- September 6th. Trawler cruising from Hamptons to Marblehead, MA for busy weekend with low key guests. Watersports+ large tender experience big plus. Must be willing to do basic stew duties as well. Airbnb, meals, and day rate. Please send CV and location. (posted: 11-Aug-2025)
2025-08-16 02:01:09,897 - __main__ - INFO -  Job from last week: Daywork -5 days-  80ft motor yacht in ft Lauderdale is looking for a dayworker to clean engine room, bilges and assist with organizing. (posted: 11-Aug-2025)
2025-08-16 02:01:09,903 - __main__ - INFO -  Job from last week: Looking for interior dayworker for this week (posted: 11-Aug-2025)
2025-08-16 02:01:09,908 - __main__ - INFO -  Job from last week: Seeking Deckhand/Mate for US flagged 100 ft Motor Yacht in the Stuart Area. Ideal candidate would have good knowledge of boat exterior maintenance. Will consider deckhand with technical background working towards moving up in their career. License a plus. Vessel travels approx 1-2 weeks a year. Very light usage and stays local. 5 day workweek plus occasional weekends. Candidate must have own transportation. Pay commensurate with experience. Prefer local candidates. THIS IS A NON LIVE-ABOARD position, ONLY LEGAL US CITIZEN/RESIDENTS NEED TO APPLY. Please send resume with picture. (posted: 11-Aug-2025)
2025-08-16 02:01:09,912 - __main__ - INFO -  Job from last week: Looking for interior dayworker for this week (posted: 11-Aug-2025)
2025-08-16 02:01:09,918 - __main__ - INFO -  Job from last week: 2nd Engineer required for a 52m M/Y - US Flag. Private - Start up: ASAP - If you are interested, please e-mail CV and references to receive more specific job information. (posted: 11-Aug-2025)
2025-08-16 02:01:09,923 - __main__ - INFO -  Job from last week: Mate required for a 35m M/Y - US Flag. Private - Start up: ASAP - If you are interested, please e-mail CV and references to receive more specific job information. (posted: 11-Aug-2025)
2025-08-16 02:01:09,930 - __main__ - INFO -  Job from last week: Deckhand wanted. 90 Motor Yacht. US Flagged. US passport or Green Card holder. . Looking for a Team player with a strong work ethic. This is an entry level position. Green crew ok. Locally based Palm Beach. M-F 9-5. Salary DOE. (posted: 10-Aug-2025)
2025-08-16 02:01:09,936 - __main__ - INFO -  Job from last week: Looking for a Female Chef for a 96 foot yacht, Starting August 18th. Private yacht, amazing owners, position can be Temp or Ideally long term. Joining the yacht in Fort Lauderdale, moving to South Carolina by the end of the month. Please contact Laurenrose33@icloud.com (posted: 10-Aug-2025)
2025-08-16 02:01:09,943 - __main__ - INFO -  Job from last week: POSITION: Delivery Captain [Freelance]

WHEN: 24 Hours - Start August 22, 2024 @ 9am

BOAT: 32' Beneteau 32S5 (1990)

FLAG: USA
OTHER CREW OB: Owner/Mate 

BOARDING: Miami Beach
GUEST(S): 2

ITINERARY: Delivery of sailboat to Boynton Beach, with owner (English speaking) and his partner (Spanish speaking). Both would like a lesson type experience along the way. All in the ICW.

OFFER = $400 + Tip 
ACCEPT OFFER or MAKE A BID

Please message me, if you're qualified & available. Thank you! (posted: 10-Aug-2025)
2025-08-16 02:01:09,950 - __main__ - INFO -  Job from last week: POSITION: Delivery Mate [Freelance]

WHEN: August 11, 2025, starting @ 1pm

BOAT: 34' Rinker 320 Fiesta Vee (2005)
FLAG: USA
OTHER CREW OB: Mate

BOARDING: Fort Pierce
GUEST(S): 0
OTHER CREW OB: Captain

ITINERARY: Deliver the boat from Fort Pierce to Freeport Bahamas

OFFER = $300 + Tip + Meal Reimbursement, 1 Night Lodging in Freeport & Flight back to FLL or PBIA
ACCEPT OFFER or MAKE A BID

Please message me, if you're qualified & available. Thank you! (posted: 10-Aug-2025)
2025-08-16 02:01:09,956 - __main__ - INFO -  Job from last week: POSITION: Delivery Captain [Freelance]

WHEN: August 11, 2025, starting @ 1pm

BOAT: 34' Rinker 320 Fiesta Vee (2005)
FLAG: USA
OTHER CREW OB: Mate

BOARDING: Fort Pierce
GUEST(S): 0
OTHER CREW OB: Mate

ITINERARY: Deliver the boat from Fort Pierce to Freeport Bahamas

OFFER = $400 + Tip + Meal Reimbursement, 1 Night Lodging in Freeport & Flight back to PBIA or FLL
ACCEPT OFFER or MAKE A BID

Please message me, if you're qualified & available. Thank you! (posted: 10-Aug-2025)
2025-08-16 02:01:13,139 - __main__ - INFO -  Date filtering completed:
2025-08-16 02:01:13,139 - __main__ - INFO -    Total jobs scraped: 792
2025-08-16 02:01:13,139 - __main__ - INFO -    Jobs from last week: 44
2025-08-16 02:01:13,140 - __main__ - INFO -    Filtered out: 748 older jobs
2025-08-16 02:01:13,140 - __main__ - INFO -  Sample scraped jobs:
2025-08-16 02:01:13,140 - __main__ - INFO -    1. I am looking for a freelance stewardess in Miami that is confident in handling lines and fenders and possesses confidence in providing white glove service . PRIVATE 2025 70ft luxury day boat in coconut grove . @ Captain
2025-08-16 02:01:13,140 - __main__ - INFO -    2. Hiring ASAP solo stew to finish the season. With the possibility of joining full-time. Great position with an established program. Summers in New England and Winters in Fort Lauderdale, with trips to the Bahamas. This is a stewardess position with some line handling on 80' yacht. US-flagged. Please send your Resume to the email address for consideration. Full benefits available and great pay depending on experience @ Capt
2025-08-16 02:01:13,140 - __main__ - INFO -    3. ISO CAPTAIN AVAILABLE ASAP UNTIL NOVEMBER 80ft Hargrave Cayman Islands vessel. The program is based in The Bahamas until December where we move to BVI possibility to stay onboard then. Wonderful live aboard owners. Contact me if interested thank you! superstarmy143@gmail.com @ Private
2025-08-16 02:01:13,140 - __main__ - INFO -  Saving jobs to database...
2025-08-16 02:01:13,140 - __main__ - INFO - Saving 44 jobs to database...
2025-08-16 02:01:13,465 - __main__ - INFO -  Database operation completed: 44 new, 0 updated
2025-08-16 02:01:13,487 - __main__ - INFO -  Database verification:
2025-08-16 02:01:13,488 - __main__ - INFO -    Total jobs in database: 44
2025-08-16 02:01:13,488 - __main__ - INFO -    Daywork123 jobs: 44
